mode: set
github.com/klins/devpool/go-day6/wongnok/internal/foodrecipe/handler.go:21.39,25.2 1 1
github.com/klins/devpool/go-day6/wongnok/internal/foodrecipe/handler.go:27.49,30.47 2 1
github.com/klins/devpool/go-day6/wongnok/internal/foodrecipe/handler.go:30.47,33.3 2 1
github.com/klins/devpool/go-day6/wongnok/internal/foodrecipe/handler.go:35.2,36.16 2 1
github.com/klins/devpool/go-day6/wongnok/internal/foodrecipe/handler.go:36.16,38.52 2 1
github.com/klins/devpool/go-day6/wongnok/internal/foodrecipe/handler.go:38.52,40.4 1 1
github.com/klins/devpool/go-day6/wongnok/internal/foodrecipe/handler.go:42.3,43.9 2 1
github.com/klins/devpool/go-day6/wongnok/internal/foodrecipe/handler.go:46.2,46.51 1 1
github.com/klins/devpool/go-day6/wongnok/internal/foodrecipe/handler.go:49.50,51.14 2 0
github.com/klins/devpool/go-day6/wongnok/internal/foodrecipe/handler.go:51.14,54.3 2 0
github.com/klins/devpool/go-day6/wongnok/internal/foodrecipe/handler.go:56.2,57.16 2 0
github.com/klins/devpool/go-day6/wongnok/internal/foodrecipe/handler.go:57.16,58.45 1 0
github.com/klins/devpool/go-day6/wongnok/internal/foodrecipe/handler.go:58.45,61.4 2 0
github.com/klins/devpool/go-day6/wongnok/internal/foodrecipe/handler.go:62.3,63.9 2 0
github.com/klins/devpool/go-day6/wongnok/internal/foodrecipe/handler.go:65.2,65.46 1 0
github.com/klins/devpool/go-day6/wongnok/internal/foodrecipe/handler.go:68.49,70.16 2 0
github.com/klins/devpool/go-day6/wongnok/internal/foodrecipe/handler.go:70.16,73.3 2 0
github.com/klins/devpool/go-day6/wongnok/internal/foodrecipe/handler.go:75.2,76.33 2 0
github.com/klins/devpool/go-day6/wongnok/internal/foodrecipe/handler.go:76.33,78.3 1 0
github.com/klins/devpool/go-day6/wongnok/internal/foodrecipe/handler.go:80.2,80.35 1 0
github.com/klins/devpool/go-day6/wongnok/internal/foodrecipe/repository.go:19.45,23.2 1 1
github.com/klins/devpool/go-day6/wongnok/internal/foodrecipe/repository.go:25.63,27.2 1 0
github.com/klins/devpool/go-day6/wongnok/internal/foodrecipe/repository.go:29.69,33.2 3 0
github.com/klins/devpool/go-day6/wongnok/internal/foodrecipe/repository.go:35.61,39.2 3 0
github.com/klins/devpool/go-day6/wongnok/internal/foodrecipe/service.go:21.39,25.2 1 1
github.com/klins/devpool/go-day6/wongnok/internal/foodrecipe/service.go:27.88,29.49 2 1
github.com/klins/devpool/go-day6/wongnok/internal/foodrecipe/service.go:29.49,31.3 1 0
github.com/klins/devpool/go-day6/wongnok/internal/foodrecipe/service.go:33.2,36.59 3 1
github.com/klins/devpool/go-day6/wongnok/internal/foodrecipe/service.go:36.59,38.3 1 1
github.com/klins/devpool/go-day6/wongnok/internal/foodrecipe/service.go:40.2,40.20 1 1
github.com/klins/devpool/go-day6/wongnok/internal/foodrecipe/service.go:43.69,45.16 2 0
github.com/klins/devpool/go-day6/wongnok/internal/foodrecipe/service.go:45.16,47.3 1 0
github.com/klins/devpool/go-day6/wongnok/internal/foodrecipe/service.go:49.2,49.20 1 0
github.com/klins/devpool/go-day6/wongnok/internal/foodrecipe/service.go:52.61,54.16 2 0
github.com/klins/devpool/go-day6/wongnok/internal/foodrecipe/service.go:54.16,56.3 1 0
github.com/klins/devpool/go-day6/wongnok/internal/foodrecipe/service.go:58.2,58.21 1 0
github.com/klins/devpool/go-day6/wongnok/internal/model/food_recipe.go:21.80,31.2 1 0
github.com/klins/devpool/go-day6/wongnok/internal/model/food_recipe.go:33.62,52.2 1 0
